Post Processor Report
OrCAD FILE: D:\UTENTI\00.LAVORI IN CORSO\METALTRONICA\22-304-0\22-304-0.MAX
Mon Jun 05 10:25:14 2023

*********************************************************

Output file: D:\UTENTI\00.LAVORI IN CORSO\METALTRONICA\22-304-0\22-304-0.TOP

Aperture totals for D:\UTENTI\00.LAVORI IN CORSO\METALTRONICA\22-304-0\22-304-0.TOP:
---------------------------------------------------------
D10:  0.0394 ROUND  --       0 Draws,       3 Flashes
D11:  0.0380 x 0.0320 RECTANGLE -----     202 Flashes
D12:  0.0501 x 0.0404 RECTANGLE -----      24 Flashes
D13:  0.0630 x 0.1260 RECTANGLE -----       4 Flashes
D14:  0.0710 x 0.0400 RECTANGLE -----      16 Flashes
D15:  0.0320 x 0.0380 RECTANGLE -----      52 Flashes
D16:  0.0886 x 0.0905 RECTANGLE -----      16 Flashes
D17:  0.1024 x 0.0510 RECTANGLE -----       2 Flashes
D18:  0.0510 x 0.1024 RECTANGLE -----       2 Flashes
D19:  0.0404 x 0.0501 RECTANGLE -----       4 Flashes
D20:  0.0315 x 0.0197 RECTANGLE -----       2 Flashes
D21:  0.0400 x 0.0500 RECTANGLE -----      15 Flashes
D22:  0.0550 x 0.0350 RECTANGLE -----       6 Flashes
D23:  0.0197 x 0.0315 RECTANGLE -----       8 Flashes
D24:  0.1500 x 0.1670 RECTANGLE -----       2 Flashes
D25:  0.2756 ROUND  --       0 Draws,       4 Flashes
D26:  0.0787 ROUND  --       0 Draws,       6 Flashes
D27:  0.0610 ROUND  --       0 Draws,       9 Flashes
D28:  0.0610 SQUARE --       0 Draws,       1 Flashes
D29:  0.0590 ROUND  --       0 Draws,      25 Flashes
D30:  0.0630 SQUARE --       0 Draws,       6 Flashes
D31:  0.0800 x 0.0620 OBLONG    -----       5 Flashes
D32:  0.0800 x 0.0620 RECTANGLE -----       1 Flashes
D33:  0.0236 x 0.0413 RECTANGLE -----       4 Flashes
D34:  0.0187 ROUND  --       0 Draws,       4 Flashes
D35:  0.0500 x 0.0400 RECTANGLE -----       6 Flashes
D36:  0.0400 x 0.0710 RECTANGLE -----       2 Flashes
D37:  0.0866 x 0.0630 RECTANGLE -----       2 Flashes
D38:  0.0850 x 0.1080 RECTANGLE -----       8 Flashes
D39:  0.1080 x 0.0850 RECTANGLE -----       2 Flashes
D40:  0.0354 x 0.0512 RECTANGLE -----      12 Flashes
D41:  0.0256 x 0.0650 OBLONG    -----      16 Flashes
D42:  0.1701 x 0.1181 RECTANGLE -----       2 Flashes
D43:  0.0177 x 0.0649 RECTANGLE -----      48 Flashes
D44:  0.0354 x 0.0165 RECTANGLE -----       8 Flashes
D45:  0.0680 x 0.1580 RECTANGLE -----       2 Flashes
D46:  0.0680 x 0.0550 RECTANGLE -----       6 Flashes
D47:  0.0500 x 0.0270 RECTANGLE -----      15 Flashes
D48:  0.1580 x 0.0680 RECTANGLE -----       2 Flashes
D49:  0.0550 x 0.0680 RECTANGLE -----       6 Flashes
D50:  0.0800 ROUND  --       0 Draws,       6 Flashes
D51:  0.0700 x 0.0110 OBLONG    -----      28 Flashes
D52:  0.0700 x 0.0110 RECTANGLE -----       4 Flashes
D53:  0.0110 x 0.0700 OBLONG    -----      29 Flashes
D54:  0.0110 x 0.0700 RECTANGLE -----       3 Flashes
D55:  0.0250 x 0.0350 RECTANGLE -----       4 Flashes
D56:  0.0350 x 0.0250 RECTANGLE -----       4 Flashes
D57:  0.0394 x 0.0197 RECTANGLE -----       2 Flashes
D58:  0.0276 ROUND  --       0 Draws,      85 Flashes
D59:  0.0250 ROUND  --     347 Draws,       0 Flashes
D60:  0.0050 ROUND  --     252 Draws,       0 Flashes
D61:  0.0100 ROUND  --     595 Draws,       1 Flashes
D62:  0.0276 ROUND  --       0 Draws,       2 Flashes
D63:  0.0080 ROUND  --     501 Draws,       1 Flashes
D64:  0.0150 ROUND  --     475 Draws,       0 Flashes
D65:  0.0276 ROUND  --       0 Draws,     218 Flashes
D66:  0.0120 ROUND  --      21 Draws,       0 Flashes
D67:  0.0500 ROUND  --      73 Draws,       0 Flashes
D68:  0.0200 ROUND  --       5 Draws,       0 Flashes
D69:  0.0276 ROUND  --       0 Draws,       3 Flashes
D70:  0.0300 ROUND  --       6 Draws,       0 Flashes
D71:  0.0060 ROUND  --      66 Draws,       0 Flashes
---------------------------------------------------------
 62 D-Codes      -----    2341 Draws,     950 Flashes

*********************************************************

Output file: D:\UTENTI\00.LAVORI IN CORSO\METALTRONICA\22-304-0\22-304-0.BOT

Aperture totals for D:\UTENTI\00.LAVORI IN CORSO\METALTRONICA\22-304-0\22-304-0.BOT:
---------------------------------------------------------
D25:  0.2756 ROUND  --       0 Draws,       4 Flashes
D26:  0.0787 ROUND  --       0 Draws,       6 Flashes
D27:  0.0610 ROUND  --       0 Draws,       9 Flashes
D28:  0.0610 SQUARE --       0 Draws,       1 Flashes
D29:  0.0590 ROUND  --       0 Draws,      25 Flashes
D30:  0.0630 SQUARE --       0 Draws,       6 Flashes
D31:  0.0800 x 0.0620 OBLONG    -----       5 Flashes
D32:  0.0800 x 0.0620 RECTANGLE -----       1 Flashes
D50:  0.0800 ROUND  --       0 Draws,       6 Flashes
D58:  0.0276 ROUND  --       0 Draws,      85 Flashes
D59:  0.0250 ROUND  --     102 Draws,       0 Flashes
D61:  0.0100 ROUND  --    7359 Draws,       0 Flashes
D62:  0.0276 ROUND  --       0 Draws,       2 Flashes
D63:  0.0080 ROUND  --     102 Draws,       0 Flashes
D64:  0.0150 ROUND  --      12 Draws,       0 Flashes
D65:  0.0276 ROUND  --       0 Draws,     189 Flashes
D67:  0.0500 ROUND  --       2 Draws,       0 Flashes
D69:  0.0276 ROUND  --       0 Draws,      32 Flashes
D71:  0.0060 ROUND  --      21 Draws,       0 Flashes
---------------------------------------------------------
 19 D-Codes      -----    7598 Draws,     371 Flashes

*********************************************************

Output file: D:\UTENTI\00.LAVORI IN CORSO\METALTRONICA\22-304-0\22-304-0.GND

Aperture totals for D:\UTENTI\00.LAVORI IN CORSO\METALTRONICA\22-304-0\22-304-0.GND:
---------------------------------------------------------
D62:  0.0276 ROUND  --       0 Draws,      77 Flashes
D67:  0.0500 ROUND  --       4 Draws,       0 Flashes
D69:  0.0276 ROUND  --       0 Draws,     116 Flashes
D71:  0.0060 ROUND  --      20 Draws,       0 Flashes
D72:  0.1575 ROUND  --       0 Draws,       4 Flashes
D73:  0.0866 ROUND  --       0 Draws,       3 Flashes
D74:  0.0050 ROUND  --       0 Draws,       1 Flashes
D75:  0.0866 ROUND  --       0 Draws,       2 Flashes
D76:  0.0710 ROUND  --       0 Draws,       9 Flashes
D77:  0.0710 SQUARE --       0 Draws,       1 Flashes
D78:  0.0708 ROUND  --       0 Draws,      14 Flashes
D79:  0.0708 SQUARE --       0 Draws,       5 Flashes
D80:  0.1094 OD, 0.0854 ID THERMAL --       3 Flashes
D81:  0.0708 ROUND  --       0 Draws,       5 Flashes
D82:  0.0708 SQUARE --       0 Draws,       1 Flashes
D83:  0.0748 ROUND  --       0 Draws,       3 Flashes
D84:  0.0800 x 0.0620 OBLONG    -----       4 Flashes
D85:  0.1173 OD, 0.0933 ID THERMAL --       1 Flashes
D86:  0.0800 x 0.0620 RECTANGLE -----       1 Flashes
D87:  0.1100 ROUND  --       0 Draws,       1 Flashes
D88:  0.1173 OD, 0.0933 ID THERMAL --       1 Flashes
D89:  0.1100 ROUND  --       0 Draws,       4 Flashes
D90:  0.0050 ROUND  --       0 Draws,     107 Flashes
D91:  0.0050 ROUND  --       0 Draws,       8 Flashes
---------------------------------------------------------
 24 D-Codes      -----      24 Draws,     371 Flashes

*********************************************************

Output file: D:\UTENTI\00.LAVORI IN CORSO\METALTRONICA\22-304-0\22-304-0.IN1

Aperture totals for D:\UTENTI\00.LAVORI IN CORSO\METALTRONICA\22-304-0\22-304-0.IN1:
---------------------------------------------------------
D26:  0.0787 ROUND  --       0 Draws,       6 Flashes
D27:  0.0610 ROUND  --       0 Draws,      10 Flashes
D29:  0.0590 ROUND  --       0 Draws,      25 Flashes
D30:  0.0630 SQUARE --       0 Draws,       6 Flashes
D31:  0.0800 x 0.0620 OBLONG    -----       5 Flashes
D32:  0.0800 x 0.0620 RECTANGLE -----       1 Flashes
D50:  0.0800 ROUND  --       0 Draws,       6 Flashes
D58:  0.0276 ROUND  --       0 Draws,      85 Flashes
D59:  0.0250 ROUND  --       1 Draws,       0 Flashes
D61:  0.0100 ROUND  --    7854 Draws,       0 Flashes
D62:  0.0276 ROUND  --       0 Draws,       5 Flashes
D63:  0.0080 ROUND  --     224 Draws,       0 Flashes
D64:  0.0150 ROUND  --      12 Draws,       0 Flashes
D65:  0.0276 ROUND  --       0 Draws,     185 Flashes
D67:  0.0500 ROUND  --       1 Draws,       0 Flashes
D69:  0.0276 ROUND  --       0 Draws,      33 Flashes
D71:  0.0060 ROUND  --      11 Draws,       0 Flashes
D92:  0.1378 ROUND  --       0 Draws,       4 Flashes
---------------------------------------------------------
 18 D-Codes      -----    8103 Draws,     371 Flashes

*********************************************************

Output file: D:\UTENTI\00.LAVORI IN CORSO\METALTRONICA\22-304-0\22-304-0.SMT

Aperture totals for D:\UTENTI\00.LAVORI IN CORSO\METALTRONICA\22-304-0\22-304-0.SMT:
---------------------------------------------------------
D11:  0.0380 x 0.0320 RECTANGLE -----     202 Flashes
D12:  0.0501 x 0.0404 RECTANGLE -----      24 Flashes
D13:  0.0630 x 0.1260 RECTANGLE -----       4 Flashes
D14:  0.0710 x 0.0400 RECTANGLE -----      16 Flashes
D15:  0.0320 x 0.0380 RECTANGLE -----      52 Flashes
D16:  0.0886 x 0.0905 RECTANGLE -----      16 Flashes
D17:  0.1024 x 0.0510 RECTANGLE -----       2 Flashes
D18:  0.0510 x 0.1024 RECTANGLE -----       2 Flashes
D19:  0.0404 x 0.0501 RECTANGLE -----       4 Flashes
D20:  0.0315 x 0.0197 RECTANGLE -----       2 Flashes
D21:  0.0400 x 0.0500 RECTANGLE -----      15 Flashes
D22:  0.0550 x 0.0350 RECTANGLE -----       6 Flashes
D23:  0.0197 x 0.0315 RECTANGLE -----       8 Flashes
D24:  0.1500 x 0.1670 RECTANGLE -----       2 Flashes
D25:  0.2756 ROUND  --       0 Draws,       4 Flashes
D26:  0.0787 ROUND  --       0 Draws,       6 Flashes
D27:  0.0610 ROUND  --       0 Draws,       9 Flashes
D28:  0.0610 SQUARE --       0 Draws,       1 Flashes
D29:  0.0590 ROUND  --       0 Draws,      28 Flashes
D30:  0.0630 SQUARE --       0 Draws,       6 Flashes
D31:  0.0800 x 0.0620 OBLONG    -----       5 Flashes
D32:  0.0800 x 0.0620 RECTANGLE -----       1 Flashes
D33:  0.0236 x 0.0413 RECTANGLE -----       4 Flashes
D35:  0.0500 x 0.0400 RECTANGLE -----       6 Flashes
D36:  0.0400 x 0.0710 RECTANGLE -----       2 Flashes
D37:  0.0866 x 0.0630 RECTANGLE -----       2 Flashes
D38:  0.0850 x 0.1080 RECTANGLE -----       8 Flashes
D39:  0.1080 x 0.0850 RECTANGLE -----       2 Flashes
D40:  0.0354 x 0.0512 RECTANGLE -----      12 Flashes
D41:  0.0256 x 0.0650 OBLONG    -----      16 Flashes
D42:  0.1701 x 0.1181 RECTANGLE -----       2 Flashes
D43:  0.0177 x 0.0649 RECTANGLE -----      48 Flashes
D44:  0.0354 x 0.0165 RECTANGLE -----       8 Flashes
D45:  0.0680 x 0.1580 RECTANGLE -----       2 Flashes
D46:  0.0680 x 0.0550 RECTANGLE -----       6 Flashes
D47:  0.0500 x 0.0270 RECTANGLE -----      15 Flashes
D48:  0.1580 x 0.0680 RECTANGLE -----       2 Flashes
D49:  0.0550 x 0.0680 RECTANGLE -----       6 Flashes
D50:  0.0800 ROUND  --       0 Draws,       6 Flashes
D51:  0.0700 x 0.0110 OBLONG    -----      28 Flashes
D52:  0.0700 x 0.0110 RECTANGLE -----       4 Flashes
D53:  0.0110 x 0.0700 OBLONG    -----      29 Flashes
D54:  0.0110 x 0.0700 RECTANGLE -----       3 Flashes
D57:  0.0394 x 0.0197 RECTANGLE -----       2 Flashes
D60:  0.0050 ROUND  --     320 Draws,       0 Flashes
---------------------------------------------------------
 45 D-Codes      -----     320 Draws,     628 Flashes

*********************************************************

Output file: D:\UTENTI\00.LAVORI IN CORSO\METALTRONICA\22-304-0\22-304-0.SMB

Aperture totals for D:\UTENTI\00.LAVORI IN CORSO\METALTRONICA\22-304-0\22-304-0.SMB:
---------------------------------------------------------
D25:  0.2756 ROUND  --       0 Draws,       4 Flashes
D26:  0.0787 ROUND  --       0 Draws,       6 Flashes
D27:  0.0610 ROUND  --       0 Draws,       9 Flashes
D28:  0.0610 SQUARE --       0 Draws,       1 Flashes
D29:  0.0590 ROUND  --       0 Draws,      25 Flashes
D30:  0.0630 SQUARE --       0 Draws,       6 Flashes
D31:  0.0800 x 0.0620 OBLONG    -----       5 Flashes
D32:  0.0800 x 0.0620 RECTANGLE -----       1 Flashes
D50:  0.0800 ROUND  --       0 Draws,       6 Flashes
D61:  0.0100 ROUND  --     564 Draws,       0 Flashes
D93:  0.0787 ROUND  --       5 Draws,       0 Flashes
---------------------------------------------------------
 11 D-Codes      -----     569 Draws,      63 Flashes

*********************************************************

Output file: D:\UTENTI\00.LAVORI IN CORSO\METALTRONICA\22-304-0\22-304-0.SPT

Aperture totals for D:\UTENTI\00.LAVORI IN CORSO\METALTRONICA\22-304-0\22-304-0.SPT:
---------------------------------------------------------
D11:  0.0380 x 0.0320 RECTANGLE -----     202 Flashes
D12:  0.0501 x 0.0404 RECTANGLE -----      24 Flashes
D13:  0.0630 x 0.1260 RECTANGLE -----       4 Flashes
D14:  0.0710 x 0.0400 RECTANGLE -----      16 Flashes
D15:  0.0320 x 0.0380 RECTANGLE -----      52 Flashes
D16:  0.0886 x 0.0905 RECTANGLE -----      16 Flashes
D17:  0.1024 x 0.0510 RECTANGLE -----       2 Flashes
D18:  0.0510 x 0.1024 RECTANGLE -----       2 Flashes
D19:  0.0404 x 0.0501 RECTANGLE -----       4 Flashes
D20:  0.0315 x 0.0197 RECTANGLE -----       2 Flashes
D21:  0.0400 x 0.0500 RECTANGLE -----      15 Flashes
D22:  0.0550 x 0.0350 RECTANGLE -----       6 Flashes
D23:  0.0197 x 0.0315 RECTANGLE -----       8 Flashes
D24:  0.1500 x 0.1670 RECTANGLE -----       2 Flashes
D33:  0.0236 x 0.0413 RECTANGLE -----       4 Flashes
D35:  0.0500 x 0.0400 RECTANGLE -----       6 Flashes
D36:  0.0400 x 0.0710 RECTANGLE -----       2 Flashes
D37:  0.0866 x 0.0630 RECTANGLE -----       2 Flashes
D38:  0.0850 x 0.1080 RECTANGLE -----       8 Flashes
D39:  0.1080 x 0.0850 RECTANGLE -----       2 Flashes
D40:  0.0354 x 0.0512 RECTANGLE -----      12 Flashes
D41:  0.0256 x 0.0650 OBLONG    -----      16 Flashes
D43:  0.0177 x 0.0649 RECTANGLE -----      48 Flashes
D44:  0.0354 x 0.0165 RECTANGLE -----       8 Flashes
D45:  0.0680 x 0.1580 RECTANGLE -----       2 Flashes
D46:  0.0680 x 0.0550 RECTANGLE -----       6 Flashes
D47:  0.0500 x 0.0270 RECTANGLE -----      15 Flashes
D48:  0.1580 x 0.0680 RECTANGLE -----       2 Flashes
D49:  0.0550 x 0.0680 RECTANGLE -----       6 Flashes
D51:  0.0700 x 0.0110 OBLONG    -----      28 Flashes
D52:  0.0700 x 0.0110 RECTANGLE -----       4 Flashes
D53:  0.0110 x 0.0700 OBLONG    -----      29 Flashes
D54:  0.0110 x 0.0700 RECTANGLE -----       3 Flashes
D57:  0.0394 x 0.0197 RECTANGLE -----       2 Flashes
D60:  0.0050 ROUND  --     320 Draws,       0 Flashes
D61:  0.0100 ROUND  --     120 Draws,       0 Flashes
---------------------------------------------------------
 36 D-Codes      -----     440 Draws,     560 Flashes

*********************************************************

Output file: D:\UTENTI\00.LAVORI IN CORSO\METALTRONICA\22-304-0\22-304-0.SST

Aperture totals for D:\UTENTI\00.LAVORI IN CORSO\METALTRONICA\22-304-0\22-304-0.SST:
---------------------------------------------------------
D60:  0.0050 ROUND  --       8 Draws,       0 Flashes
D61:  0.0100 ROUND  --     132 Draws,       0 Flashes
D71:  0.0060 ROUND  --    6149 Draws,       0 Flashes
D94:  0.0059 ROUND  --     158 Draws,       0 Flashes
D95:  0.0078 ROUND  --      13 Draws,       0 Flashes
D96:  0.0079 ROUND  --     266 Draws,       0 Flashes
---------------------------------------------------------
  6 D-Codes      -----    6726 Draws,       0 Flashes

*********************************************************

Output file: D:\UTENTI\00.LAVORI IN CORSO\METALTRONICA\22-304-0\22-304-0.DRD

Aperture totals for D:\UTENTI\00.LAVORI IN CORSO\METALTRONICA\22-304-0\22-304-0.DRD:
---------------------------------------------------------
D61:  0.0100 ROUND  --    3371 Draws,       0 Flashes
D67:  0.0500 ROUND  --       4 Draws,       0 Flashes
---------------------------------------------------------
  2 D-Codes      -----    3375 Draws,       0 Flashes


*********************************************************

Aperture totals for entire project:
---------------------------------------------------------
D10:  0.0394 ROUND  --       0 Draws,       3 Flashes
D11:  0.0380 x 0.0320 RECTANGLE -----     606 Flashes
D12:  0.0501 x 0.0404 RECTANGLE -----      72 Flashes
D13:  0.0630 x 0.1260 RECTANGLE -----      12 Flashes
D14:  0.0710 x 0.0400 RECTANGLE -----      48 Flashes
D15:  0.0320 x 0.0380 RECTANGLE -----     156 Flashes
D16:  0.0886 x 0.0905 RECTANGLE -----      48 Flashes
D17:  0.1024 x 0.0510 RECTANGLE -----       6 Flashes
D18:  0.0510 x 0.1024 RECTANGLE -----       6 Flashes
D19:  0.0404 x 0.0501 RECTANGLE -----      12 Flashes
D20:  0.0315 x 0.0197 RECTANGLE -----       6 Flashes
D21:  0.0400 x 0.0500 RECTANGLE -----      45 Flashes
D22:  0.0550 x 0.0350 RECTANGLE -----      18 Flashes
D23:  0.0197 x 0.0315 RECTANGLE -----      24 Flashes
D24:  0.1500 x 0.1670 RECTANGLE -----       6 Flashes
D25:  0.2756 ROUND  --       0 Draws,      16 Flashes
D26:  0.0787 ROUND  --       0 Draws,      30 Flashes
D27:  0.0610 ROUND  --       0 Draws,      46 Flashes
D28:  0.0610 SQUARE --       0 Draws,       4 Flashes
D29:  0.0590 ROUND  --       0 Draws,     128 Flashes
D30:  0.0630 SQUARE --       0 Draws,      30 Flashes
D31:  0.0800 x 0.0620 OBLONG    -----      25 Flashes
D32:  0.0800 x 0.0620 RECTANGLE -----       5 Flashes
D33:  0.0236 x 0.0413 RECTANGLE -----      12 Flashes
D34:  0.0187 ROUND  --       0 Draws,       4 Flashes
D35:  0.0500 x 0.0400 RECTANGLE -----      18 Flashes
D36:  0.0400 x 0.0710 RECTANGLE -----       6 Flashes
D37:  0.0866 x 0.0630 RECTANGLE -----       6 Flashes
D38:  0.0850 x 0.1080 RECTANGLE -----      24 Flashes
D39:  0.1080 x 0.0850 RECTANGLE -----       6 Flashes
D40:  0.0354 x 0.0512 RECTANGLE -----      36 Flashes
D41:  0.0256 x 0.0650 OBLONG    -----      48 Flashes
D42:  0.1701 x 0.1181 RECTANGLE -----       4 Flashes
D43:  0.0177 x 0.0649 RECTANGLE -----     144 Flashes
D44:  0.0354 x 0.0165 RECTANGLE -----      24 Flashes
D45:  0.0680 x 0.1580 RECTANGLE -----       6 Flashes
D46:  0.0680 x 0.0550 RECTANGLE -----      18 Flashes
D47:  0.0500 x 0.0270 RECTANGLE -----      45 Flashes
D48:  0.1580 x 0.0680 RECTANGLE -----       6 Flashes
D49:  0.0550 x 0.0680 RECTANGLE -----      18 Flashes
D50:  0.0800 ROUND  --       0 Draws,      30 Flashes
D51:  0.0700 x 0.0110 OBLONG    -----      84 Flashes
D52:  0.0700 x 0.0110 RECTANGLE -----      12 Flashes
D53:  0.0110 x 0.0700 OBLONG    -----      87 Flashes
D54:  0.0110 x 0.0700 RECTANGLE -----       9 Flashes
D55:  0.0250 x 0.0350 RECTANGLE -----       4 Flashes
D56:  0.0350 x 0.0250 RECTANGLE -----       4 Flashes
D57:  0.0394 x 0.0197 RECTANGLE -----       6 Flashes
D58:  0.0276 ROUND  --       0 Draws,     255 Flashes
D59:  0.0250 ROUND  --     450 Draws,       0 Flashes
D60:  0.0050 ROUND  --     900 Draws,       0 Flashes
D61:  0.0100 ROUND  --   19995 Draws,       1 Flashes
D62:  0.0276 ROUND  --       0 Draws,      86 Flashes
D63:  0.0080 ROUND  --     827 Draws,       1 Flashes
D64:  0.0150 ROUND  --     499 Draws,       0 Flashes
D65:  0.0276 ROUND  --       0 Draws,     592 Flashes
D66:  0.0120 ROUND  --      21 Draws,       0 Flashes
D67:  0.0500 ROUND  --      84 Draws,       0 Flashes
D68:  0.0200 ROUND  --       5 Draws,       0 Flashes
D69:  0.0276 ROUND  --       0 Draws,     184 Flashes
D70:  0.0300 ROUND  --       6 Draws,       0 Flashes
D71:  0.0060 ROUND  --    6267 Draws,       0 Flashes
D72:  0.1575 ROUND  --       0 Draws,       4 Flashes
D73:  0.0866 ROUND  --       0 Draws,       3 Flashes
D74:  0.0050 ROUND  --       0 Draws,       1 Flashes
D75:  0.0866 ROUND  --       0 Draws,       2 Flashes
D76:  0.0710 ROUND  --       0 Draws,       9 Flashes
D77:  0.0710 SQUARE --       0 Draws,       1 Flashes
D78:  0.0708 ROUND  --       0 Draws,      14 Flashes
D79:  0.0708 SQUARE --       0 Draws,       5 Flashes
D80:  0.1094 OD, 0.0854 ID THERMAL --       3 Flashes
D81:  0.0708 ROUND  --       0 Draws,       5 Flashes
D82:  0.0708 SQUARE --       0 Draws,       1 Flashes
D83:  0.0748 ROUND  --       0 Draws,       3 Flashes
D84:  0.0800 x 0.0620 OBLONG    -----       4 Flashes
D85:  0.1173 OD, 0.0933 ID THERMAL --       1 Flashes
D86:  0.0800 x 0.0620 RECTANGLE -----       1 Flashes
D87:  0.1100 ROUND  --       0 Draws,       1 Flashes
D88:  0.1173 OD, 0.0933 ID THERMAL --       1 Flashes
D89:  0.1100 ROUND  --       0 Draws,       4 Flashes
D90:  0.0050 ROUND  --       0 Draws,     107 Flashes
D91:  0.0050 ROUND  --       0 Draws,       8 Flashes
D92:  0.1378 ROUND  --       0 Draws,       4 Flashes
D93:  0.0787 ROUND  --       5 Draws,       0 Flashes
D94:  0.0059 ROUND  --     158 Draws,       0 Flashes
D95:  0.0078 ROUND  --      13 Draws,       0 Flashes
D96:  0.0079 ROUND  --     266 Draws,       0 Flashes
---------------------------------------------------------
 87 D-Codes      -----   29496 Draws,    3314 Flashes


No warnings or errors.
