Post Processor Report
OrCAD FILE: D:\00.CAD\00.PROGETTI\METALTRONICA\22-304-X\22-304-2\22-304-2.MAX
Mon Jun 09 22:41:01 2025

*********************************************************

Output file: D:\00.CAD\00.PROGETTI\METALTRONICA\22-304-X\22-304-2\22-304-2.TOP

Aperture totals for D:\00.CAD\00.PROGETTI\METALTRONICA\22-304-X\22-304-2\22-304-2.TOP:
---------------------------------------------------------
D10:  0.2362 ROUND  --       0 Draws,      10 Flashes
D11:  0.0394 ROUND  --       0 Draws,       3 Flashes
D12:  0.0380 x 0.0320 RECTANGLE -----      18 Flashes
D13:  0.0197 x 0.0315 RECTANGLE -----      14 Flashes
D14:  0.1000 ROUND  --       0 Draws,       6 Flashes
D15:  0.0709 ROUND  --       0 Draws,      15 Flashes
D16:  0.0709 SQUARE --       0 Draws,       1 Flashes
D17:  0.0620 x 0.0800 OBLONG    -----      29 Flashes
D18:  0.0512 ROUND  --       0 Draws,       5 Flashes
D19:  0.0787 SQUARE --       0 Draws,       6 Flashes
D20:  0.0669 SQUARE --       0 Draws,       4 Flashes
D21:  0.0472 ROUND  --       0 Draws,       2 Flashes
D22:  0.0291 x 0.1610 RECTANGLE -----      26 Flashes
D23:  0.0433 ROUND  --       0 Draws,       4 Flashes
D24:  0.0472 x 0.2165 RECTANGLE -----       3 Flashes
D25:  0.3228 x 0.1575 RECTANGLE -----       2 Flashes
D26:  0.0800 x 0.0620 OBLONG    -----      11 Flashes
D27:  0.0590 SQUARE --       0 Draws,       3 Flashes
D28:  0.0590 ROUND  --       0 Draws,       5 Flashes
D29:  0.0866 ROUND  --       0 Draws,       2 Flashes
D30:  0.0669 ROUND  --       0 Draws,       9 Flashes
D31:  0.0598 x 0.1201 RECTANGLE -----      20 Flashes
D32:  0.0610 ROUND  --       0 Draws,       9 Flashes
D33:  0.0610 SQUARE --       0 Draws,       1 Flashes
D34:  0.0787 ROUND  --       0 Draws,      12 Flashes
D35:  0.0787 x 0.1181 OBLONG    -----       4 Flashes
D36:  0.0710 x 0.0400 RECTANGLE -----       2 Flashes
D37:  0.0354 x 0.0512 RECTANGLE -----      44 Flashes
D38:  0.0800 ROUND  --       0 Draws,       4 Flashes
D39:  0.0799 SQUARE --       0 Draws,       1 Flashes
D40:  0.0315 ROUND  --       0 Draws,     155 Flashes
D41:  0.0100 ROUND  --   14224 Draws,       0 Flashes
D42:  0.0150 ROUND  --      70 Draws,       0 Flashes
D43:  0.0315 ROUND  --       0 Draws,       1 Flashes
D44:  0.0315 ROUND  --       0 Draws,     356 Flashes
D45:  0.0300 ROUND  --      14 Draws,       0 Flashes
D46:  0.0250 ROUND  --     148 Draws,       0 Flashes
D47:  0.0315 ROUND  --       0 Draws,      17 Flashes
D48:  0.0500 ROUND  --       9 Draws,       0 Flashes
D49:  0.0080 ROUND  --      41 Draws,       0 Flashes
---------------------------------------------------------
 40 D-Codes      -----   14506 Draws,     804 Flashes

*********************************************************

Output file: D:\00.CAD\00.PROGETTI\METALTRONICA\22-304-X\22-304-2\22-304-2.BOT

Aperture totals for D:\00.CAD\00.PROGETTI\METALTRONICA\22-304-X\22-304-2\22-304-2.BOT:
---------------------------------------------------------
D10:  0.2362 ROUND  --       0 Draws,      10 Flashes
D11:  0.0394 ROUND  --       0 Draws,       3 Flashes
D12:  0.0380 x 0.0320 RECTANGLE -----     222 Flashes
D13:  0.0197 x 0.0315 RECTANGLE -----      16 Flashes
D14:  0.1000 ROUND  --       0 Draws,       6 Flashes
D15:  0.0709 ROUND  --       0 Draws,      15 Flashes
D16:  0.0709 SQUARE --       0 Draws,       1 Flashes
D17:  0.0620 x 0.0800 OBLONG    -----      29 Flashes
D18:  0.0512 ROUND  --       0 Draws,       5 Flashes
D19:  0.0787 SQUARE --       0 Draws,       6 Flashes
D20:  0.0669 SQUARE --       0 Draws,       4 Flashes
D21:  0.0472 ROUND  --       0 Draws,       2 Flashes
D23:  0.0433 ROUND  --       0 Draws,       4 Flashes
D26:  0.0800 x 0.0620 OBLONG    -----      11 Flashes
D27:  0.0590 SQUARE --       0 Draws,       3 Flashes
D28:  0.0590 ROUND  --       0 Draws,       5 Flashes
D29:  0.0866 ROUND  --       0 Draws,       2 Flashes
D30:  0.0669 ROUND  --       0 Draws,       9 Flashes
D32:  0.0610 ROUND  --       0 Draws,       9 Flashes
D33:  0.0610 SQUARE --       0 Draws,       1 Flashes
D34:  0.0787 ROUND  --       0 Draws,      12 Flashes
D35:  0.0787 x 0.1181 OBLONG    -----       4 Flashes
D36:  0.0710 x 0.0400 RECTANGLE -----      56 Flashes
D37:  0.0354 x 0.0512 RECTANGLE -----      40 Flashes
D38:  0.0800 ROUND  --       0 Draws,       4 Flashes
D39:  0.0799 SQUARE --       0 Draws,       1 Flashes
D40:  0.0315 ROUND  --       0 Draws,     155 Flashes
D41:  0.0100 ROUND  --   18181 Draws,       2 Flashes
D42:  0.0150 ROUND  --     278 Draws,       0 Flashes
D43:  0.0315 ROUND  --       0 Draws,       1 Flashes
D44:  0.0315 ROUND  --       0 Draws,     369 Flashes
D45:  0.0300 ROUND  --      22 Draws,       0 Flashes
D46:  0.0250 ROUND  --     217 Draws,       0 Flashes
D47:  0.0315 ROUND  --       0 Draws,       4 Flashes
D48:  0.0500 ROUND  --     117 Draws,       0 Flashes
D49:  0.0080 ROUND  --      41 Draws,       0 Flashes
D50:  0.0404 x 0.0501 RECTANGLE -----       6 Flashes
D51:  0.1260 x 0.0630 RECTANGLE -----       2 Flashes
D52:  0.0320 x 0.0380 RECTANGLE -----      42 Flashes
D53:  0.0400 x 0.0710 RECTANGLE -----       8 Flashes
D54:  0.0886 x 0.0905 RECTANGLE -----      10 Flashes
D55:  0.1024 x 0.0510 RECTANGLE -----       8 Flashes
D56:  0.0500 x 0.0400 RECTANGLE -----       6 Flashes
D57:  0.0315 x 0.0197 RECTANGLE -----       4 Flashes
D58:  0.0550 x 0.0350 RECTANGLE -----       8 Flashes
D59:  0.0501 x 0.0404 RECTANGLE -----      16 Flashes
D60:  0.1669 x 0.1500 RECTANGLE -----       2 Flashes
D61:  0.0905 x 0.1220 RECTANGLE -----       2 Flashes
D62:  0.0118 x 0.0472 RECTANGLE -----      14 Flashes
D63:  0.1063 x 0.1181 RECTANGLE -----       2 Flashes
D64:  0.0413 x 0.0236 RECTANGLE -----       4 Flashes
D65:  0.0187 ROUND  --       0 Draws,       4 Flashes
D66:  0.0400 x 0.0500 RECTANGLE -----      21 Flashes
D67:  0.0276 x 0.0197 RECTANGLE -----      12 Flashes
D68:  0.0354 x 0.0165 RECTANGLE -----       8 Flashes
D69:  0.0650 x 0.0256 OBLONG    -----      16 Flashes
D70:  0.0315 x 0.0236 RECTANGLE -----      15 Flashes
D71:  0.0512 x 0.0354 RECTANGLE -----       8 Flashes
D72:  0.1181 x 0.1701 RECTANGLE -----       1 Flashes
D73:  0.0649 x 0.0177 RECTANGLE -----      24 Flashes
D74:  0.0600 x 0.1000 RECTANGLE -----       2 Flashes
D75:  0.2760 SQUARE --       0 Draws,       1 Flashes
D76:  0.4252 x 0.3701 RECTANGLE -----       2 Flashes
D77:  0.0531 x 0.1811 RECTANGLE -----       4 Flashes
D78:  0.0236 x 0.0512 RECTANGLE -----       4 Flashes
D79:  0.0700 x 0.0110 OBLONG    -----      28 Flashes
D80:  0.0700 x 0.0110 RECTANGLE -----       4 Flashes
D81:  0.0110 x 0.0700 OBLONG    -----      29 Flashes
D82:  0.0110 x 0.0700 RECTANGLE -----       3 Flashes
D83:  0.0197 x 0.0394 RECTANGLE -----       2 Flashes
D84:  0.0050 ROUND  --     252 Draws,       0 Flashes
D85:  0.0120 ROUND  --      47 Draws,       0 Flashes
D86:  0.0060 ROUND  --      21 Draws,       0 Flashes
---------------------------------------------------------
 73 D-Codes      -----   19176 Draws,    1333 Flashes

*********************************************************

Output file: D:\00.CAD\00.PROGETTI\METALTRONICA\22-304-X\22-304-2\22-304-2.IN1

Aperture totals for D:\00.CAD\00.PROGETTI\METALTRONICA\22-304-X\22-304-2\22-304-2.IN1:
---------------------------------------------------------
D10:  0.2362 ROUND  --       0 Draws,      10 Flashes
D14:  0.1000 ROUND  --       0 Draws,       6 Flashes
D15:  0.0709 ROUND  --       0 Draws,      15 Flashes
D16:  0.0709 SQUARE --       0 Draws,       1 Flashes
D17:  0.0620 x 0.0800 OBLONG    -----      29 Flashes
D18:  0.0512 ROUND  --       0 Draws,       5 Flashes
D19:  0.0787 SQUARE --       0 Draws,       6 Flashes
D20:  0.0669 SQUARE --       0 Draws,       4 Flashes
D21:  0.0472 ROUND  --       0 Draws,       2 Flashes
D23:  0.0433 ROUND  --       0 Draws,       4 Flashes
D26:  0.0800 x 0.0620 OBLONG    -----      11 Flashes
D27:  0.0590 SQUARE --       0 Draws,       3 Flashes
D28:  0.0590 ROUND  --       0 Draws,       5 Flashes
D29:  0.0866 ROUND  --       0 Draws,       2 Flashes
D30:  0.0669 ROUND  --       0 Draws,       9 Flashes
D32:  0.0610 ROUND  --       0 Draws,      10 Flashes
D34:  0.0787 ROUND  --       0 Draws,      12 Flashes
D35:  0.0787 x 0.1181 OBLONG    -----       4 Flashes
D38:  0.0800 ROUND  --       0 Draws,       4 Flashes
D39:  0.0799 SQUARE --       0 Draws,       1 Flashes
D40:  0.0315 ROUND  --       0 Draws,     155 Flashes
D41:  0.0100 ROUND  --   10692 Draws,       0 Flashes
D42:  0.0150 ROUND  --       8 Draws,       0 Flashes
D43:  0.0315 ROUND  --       0 Draws,      34 Flashes
D44:  0.0315 ROUND  --       0 Draws,     142 Flashes
D46:  0.0250 ROUND  --      58 Draws,       0 Flashes
D47:  0.0315 ROUND  --       0 Draws,     198 Flashes
---------------------------------------------------------
 27 D-Codes      -----   10758 Draws,     672 Flashes

*********************************************************

Output file: D:\00.CAD\00.PROGETTI\METALTRONICA\22-304-X\22-304-2\22-304-2.IN2

Aperture totals for D:\00.CAD\00.PROGETTI\METALTRONICA\22-304-X\22-304-2\22-304-2.IN2:
---------------------------------------------------------
D10:  0.2362 ROUND  --       0 Draws,      10 Flashes
D14:  0.1000 ROUND  --       0 Draws,       6 Flashes
D15:  0.0709 ROUND  --       0 Draws,      15 Flashes
D16:  0.0709 SQUARE --       0 Draws,       1 Flashes
D17:  0.0620 x 0.0800 OBLONG    -----      29 Flashes
D18:  0.0512 ROUND  --       0 Draws,       5 Flashes
D19:  0.0787 SQUARE --       0 Draws,       6 Flashes
D20:  0.0669 SQUARE --       0 Draws,       4 Flashes
D21:  0.0472 ROUND  --       0 Draws,       2 Flashes
D23:  0.0433 ROUND  --       0 Draws,       4 Flashes
D26:  0.0800 x 0.0620 OBLONG    -----      11 Flashes
D27:  0.0590 SQUARE --       0 Draws,       3 Flashes
D28:  0.0590 ROUND  --       0 Draws,       5 Flashes
D29:  0.0866 ROUND  --       0 Draws,       2 Flashes
D30:  0.0669 ROUND  --       0 Draws,       9 Flashes
D32:  0.0610 ROUND  --       0 Draws,      10 Flashes
D34:  0.0787 ROUND  --       0 Draws,      12 Flashes
D35:  0.0787 x 0.1181 OBLONG    -----       4 Flashes
D38:  0.0800 ROUND  --       0 Draws,       4 Flashes
D39:  0.0799 SQUARE --       0 Draws,       1 Flashes
D40:  0.0315 ROUND  --       0 Draws,     155 Flashes
D41:  0.0100 ROUND  --   11565 Draws,       0 Flashes
D42:  0.0150 ROUND  --      46 Draws,       0 Flashes
D43:  0.0315 ROUND  --       0 Draws,      96 Flashes
D44:  0.0315 ROUND  --       0 Draws,      65 Flashes
D47:  0.0315 ROUND  --       0 Draws,     213 Flashes
D48:  0.0500 ROUND  --      54 Draws,       0 Flashes
---------------------------------------------------------
 27 D-Codes      -----   11665 Draws,     672 Flashes

*********************************************************

Output file: D:\00.CAD\00.PROGETTI\METALTRONICA\22-304-X\22-304-2\22-304-2.SMT

Aperture totals for D:\00.CAD\00.PROGETTI\METALTRONICA\22-304-X\22-304-2\22-304-2.SMT:
---------------------------------------------------------
D10:  0.2362 ROUND  --       0 Draws,      10 Flashes
D12:  0.0380 x 0.0320 RECTANGLE -----      18 Flashes
D13:  0.0197 x 0.0315 RECTANGLE -----      14 Flashes
D14:  0.1000 ROUND  --       0 Draws,       6 Flashes
D15:  0.0709 ROUND  --       0 Draws,      15 Flashes
D16:  0.0709 SQUARE --       0 Draws,       1 Flashes
D17:  0.0620 x 0.0800 OBLONG    -----      29 Flashes
D19:  0.0787 SQUARE --       0 Draws,       6 Flashes
D20:  0.0669 SQUARE --       0 Draws,       4 Flashes
D22:  0.0291 x 0.1610 RECTANGLE -----      26 Flashes
D24:  0.0472 x 0.2165 RECTANGLE -----       3 Flashes
D25:  0.3228 x 0.1575 RECTANGLE -----       2 Flashes
D26:  0.0800 x 0.0620 OBLONG    -----      11 Flashes
D27:  0.0590 SQUARE --       0 Draws,       3 Flashes
D28:  0.0590 ROUND  --       0 Draws,       8 Flashes
D29:  0.0866 ROUND  --       0 Draws,       2 Flashes
D30:  0.0669 ROUND  --       0 Draws,       9 Flashes
D31:  0.0598 x 0.1201 RECTANGLE -----      20 Flashes
D32:  0.0610 ROUND  --       0 Draws,       9 Flashes
D33:  0.0610 SQUARE --       0 Draws,       1 Flashes
D34:  0.0787 ROUND  --       0 Draws,      12 Flashes
D35:  0.0787 x 0.1181 OBLONG    -----       4 Flashes
D36:  0.0710 x 0.0400 RECTANGLE -----       2 Flashes
D37:  0.0354 x 0.0512 RECTANGLE -----      44 Flashes
D38:  0.0800 ROUND  --       0 Draws,       4 Flashes
D39:  0.0799 SQUARE --       0 Draws,       1 Flashes
D41:  0.0100 ROUND  --     631 Draws,       0 Flashes
---------------------------------------------------------
 27 D-Codes      -----     631 Draws,     264 Flashes

*********************************************************

Output file: D:\00.CAD\00.PROGETTI\METALTRONICA\22-304-X\22-304-2\22-304-2.SMB

Aperture totals for D:\00.CAD\00.PROGETTI\METALTRONICA\22-304-X\22-304-2\22-304-2.SMB:
---------------------------------------------------------
D10:  0.2362 ROUND  --       0 Draws,      10 Flashes
D12:  0.0380 x 0.0320 RECTANGLE -----     222 Flashes
D13:  0.0197 x 0.0315 RECTANGLE -----      16 Flashes
D14:  0.1000 ROUND  --       0 Draws,       6 Flashes
D15:  0.0709 ROUND  --       0 Draws,      15 Flashes
D16:  0.0709 SQUARE --       0 Draws,       1 Flashes
D17:  0.0620 x 0.0800 OBLONG    -----      29 Flashes
D19:  0.0787 SQUARE --       0 Draws,       6 Flashes
D20:  0.0669 SQUARE --       0 Draws,       4 Flashes
D26:  0.0800 x 0.0620 OBLONG    -----      11 Flashes
D27:  0.0590 SQUARE --       0 Draws,       3 Flashes
D28:  0.0590 ROUND  --       0 Draws,       8 Flashes
D29:  0.0866 ROUND  --       0 Draws,       2 Flashes
D30:  0.0669 ROUND  --       0 Draws,       9 Flashes
D32:  0.0610 ROUND  --       0 Draws,       9 Flashes
D33:  0.0610 SQUARE --       0 Draws,       1 Flashes
D34:  0.0787 ROUND  --       0 Draws,      12 Flashes
D35:  0.0787 x 0.1181 OBLONG    -----       4 Flashes
D36:  0.0710 x 0.0400 RECTANGLE -----      56 Flashes
D37:  0.0354 x 0.0512 RECTANGLE -----      40 Flashes
D38:  0.0800 ROUND  --       0 Draws,       4 Flashes
D39:  0.0799 SQUARE --       0 Draws,       1 Flashes
D41:  0.0100 ROUND  --     642 Draws,       0 Flashes
D50:  0.0404 x 0.0501 RECTANGLE -----       6 Flashes
D51:  0.1260 x 0.0630 RECTANGLE -----       2 Flashes
D52:  0.0320 x 0.0380 RECTANGLE -----      42 Flashes
D53:  0.0400 x 0.0710 RECTANGLE -----       8 Flashes
D54:  0.0886 x 0.0905 RECTANGLE -----      10 Flashes
D55:  0.1024 x 0.0510 RECTANGLE -----       8 Flashes
D56:  0.0500 x 0.0400 RECTANGLE -----       6 Flashes
D57:  0.0315 x 0.0197 RECTANGLE -----       4 Flashes
D58:  0.0550 x 0.0350 RECTANGLE -----       8 Flashes
D59:  0.0501 x 0.0404 RECTANGLE -----      16 Flashes
D60:  0.1669 x 0.1500 RECTANGLE -----       2 Flashes
D61:  0.0905 x 0.1220 RECTANGLE -----       2 Flashes
D62:  0.0118 x 0.0472 RECTANGLE -----      14 Flashes
D63:  0.1063 x 0.1181 RECTANGLE -----       2 Flashes
D64:  0.0413 x 0.0236 RECTANGLE -----       4 Flashes
D66:  0.0400 x 0.0500 RECTANGLE -----      21 Flashes
D68:  0.0354 x 0.0165 RECTANGLE -----       8 Flashes
D69:  0.0650 x 0.0256 OBLONG    -----      16 Flashes
D70:  0.0315 x 0.0236 RECTANGLE -----      27 Flashes
D71:  0.0512 x 0.0354 RECTANGLE -----       8 Flashes
D72:  0.1181 x 0.1701 RECTANGLE -----       1 Flashes
D73:  0.0649 x 0.0177 RECTANGLE -----      24 Flashes
D74:  0.0600 x 0.1000 RECTANGLE -----       2 Flashes
D75:  0.2760 SQUARE --       0 Draws,       1 Flashes
D76:  0.4252 x 0.3701 RECTANGLE -----       2 Flashes
D77:  0.0531 x 0.1811 RECTANGLE -----       4 Flashes
D78:  0.0236 x 0.0512 RECTANGLE -----       4 Flashes
D79:  0.0700 x 0.0110 OBLONG    -----      28 Flashes
D80:  0.0700 x 0.0110 RECTANGLE -----       4 Flashes
D81:  0.0110 x 0.0700 OBLONG    -----      29 Flashes
D82:  0.0110 x 0.0700 RECTANGLE -----       3 Flashes
D83:  0.0197 x 0.0394 RECTANGLE -----       2 Flashes
D84:  0.0050 ROUND  --     320 Draws,       0 Flashes
---------------------------------------------------------
 56 D-Codes      -----     962 Draws,     787 Flashes

*********************************************************

Output file: D:\00.CAD\00.PROGETTI\METALTRONICA\22-304-X\22-304-2\22-304-2.SPT

Aperture totals for D:\00.CAD\00.PROGETTI\METALTRONICA\22-304-X\22-304-2\22-304-2.SPT:
---------------------------------------------------------
D12:  0.0380 x 0.0320 RECTANGLE -----      18 Flashes
D13:  0.0197 x 0.0315 RECTANGLE -----      14 Flashes
D22:  0.0291 x 0.1610 RECTANGLE -----      26 Flashes
D24:  0.0472 x 0.2165 RECTANGLE -----       3 Flashes
D25:  0.3228 x 0.1575 RECTANGLE -----       2 Flashes
D31:  0.0598 x 0.1201 RECTANGLE -----      20 Flashes
D36:  0.0710 x 0.0400 RECTANGLE -----       2 Flashes
D37:  0.0354 x 0.0512 RECTANGLE -----      44 Flashes
---------------------------------------------------------
  8 D-Codes      -----       0 Draws,     129 Flashes

*********************************************************

Output file: D:\00.CAD\00.PROGETTI\METALTRONICA\22-304-X\22-304-2\22-304-2.SPB

Aperture totals for D:\00.CAD\00.PROGETTI\METALTRONICA\22-304-X\22-304-2\22-304-2.SPB:
---------------------------------------------------------
D12:  0.0380 x 0.0320 RECTANGLE -----     222 Flashes
D13:  0.0197 x 0.0315 RECTANGLE -----      16 Flashes
D36:  0.0710 x 0.0400 RECTANGLE -----      56 Flashes
D37:  0.0354 x 0.0512 RECTANGLE -----      40 Flashes
D41:  0.0100 ROUND  --     104 Draws,       0 Flashes
D50:  0.0404 x 0.0501 RECTANGLE -----       6 Flashes
D51:  0.1260 x 0.0630 RECTANGLE -----       2 Flashes
D52:  0.0320 x 0.0380 RECTANGLE -----      42 Flashes
D53:  0.0400 x 0.0710 RECTANGLE -----       8 Flashes
D54:  0.0886 x 0.0905 RECTANGLE -----      10 Flashes
D55:  0.1024 x 0.0510 RECTANGLE -----       8 Flashes
D56:  0.0500 x 0.0400 RECTANGLE -----       6 Flashes
D57:  0.0315 x 0.0197 RECTANGLE -----       4 Flashes
D58:  0.0550 x 0.0350 RECTANGLE -----       8 Flashes
D59:  0.0501 x 0.0404 RECTANGLE -----      16 Flashes
D60:  0.1669 x 0.1500 RECTANGLE -----       2 Flashes
D61:  0.0905 x 0.1220 RECTANGLE -----       2 Flashes
D62:  0.0118 x 0.0472 RECTANGLE -----      14 Flashes
D63:  0.1063 x 0.1181 RECTANGLE -----       2 Flashes
D64:  0.0413 x 0.0236 RECTANGLE -----       4 Flashes
D66:  0.0400 x 0.0500 RECTANGLE -----      21 Flashes
D68:  0.0354 x 0.0165 RECTANGLE -----       8 Flashes
D69:  0.0650 x 0.0256 OBLONG    -----      16 Flashes
D70:  0.0315 x 0.0236 RECTANGLE -----      15 Flashes
D71:  0.0512 x 0.0354 RECTANGLE -----       8 Flashes
D72:  0.1181 x 0.1701 RECTANGLE -----       1 Flashes
D73:  0.0649 x 0.0177 RECTANGLE -----      24 Flashes
D74:  0.0600 x 0.1000 RECTANGLE -----       2 Flashes
D78:  0.0236 x 0.0512 RECTANGLE -----       4 Flashes
D79:  0.0700 x 0.0110 OBLONG    -----      28 Flashes
D80:  0.0700 x 0.0110 RECTANGLE -----       4 Flashes
D81:  0.0110 x 0.0700 OBLONG    -----      29 Flashes
D82:  0.0110 x 0.0700 RECTANGLE -----       3 Flashes
D83:  0.0197 x 0.0394 RECTANGLE -----       2 Flashes
D84:  0.0050 ROUND  --     452 Draws,       0 Flashes
D87:  0.0492 x 0.1772 RECTANGLE -----       4 Flashes
D88:  0.0039 ROUND  --     816 Draws,       0 Flashes
---------------------------------------------------------
 37 D-Codes      -----    1372 Draws,     637 Flashes

*********************************************************

Output file: D:\00.CAD\00.PROGETTI\METALTRONICA\22-304-X\22-304-2\22-304-2.SST

Aperture totals for D:\00.CAD\00.PROGETTI\METALTRONICA\22-304-X\22-304-2\22-304-2.SST:
---------------------------------------------------------
D41:  0.0100 ROUND  --     286 Draws,       0 Flashes
D49:  0.0080 ROUND  --      41 Draws,       0 Flashes
D86:  0.0060 ROUND  --    4896 Draws,       0 Flashes
D89:  0.0079 ROUND  --      55 Draws,       0 Flashes
D90:  0.0059 ROUND  --     158 Draws,       0 Flashes
D91:  0.0078 ROUND  --      13 Draws,       0 Flashes
---------------------------------------------------------
  6 D-Codes      -----    5449 Draws,       0 Flashes

*********************************************************

Output file: D:\00.CAD\00.PROGETTI\METALTRONICA\22-304-X\22-304-2\22-304-2.SSB

Aperture totals for D:\00.CAD\00.PROGETTI\METALTRONICA\22-304-X\22-304-2\22-304-2.SSB:
---------------------------------------------------------
D41:  0.0100 ROUND  --      24 Draws,       0 Flashes
D49:  0.0080 ROUND  --      41 Draws,       0 Flashes
D84:  0.0050 ROUND  --       8 Draws,       0 Flashes
D86:  0.0060 ROUND  --    7823 Draws,       5 Flashes
D89:  0.0079 ROUND  --      82 Draws,       0 Flashes
---------------------------------------------------------
  5 D-Codes      -----    7978 Draws,       5 Flashes

*********************************************************

Output file: D:\00.CAD\00.PROGETTI\METALTRONICA\22-304-X\22-304-2\22-304-2.DRD

Aperture totals for D:\00.CAD\00.PROGETTI\METALTRONICA\22-304-X\22-304-2\22-304-2.DRD:
---------------------------------------------------------
D41:  0.0100 ROUND  --   15822 Draws,       0 Flashes
---------------------------------------------------------
  1 D-Codes      -----   15822 Draws,       0 Flashes

*********************************************************

Output file: D:\00.CAD\00.PROGETTI\METALTRONICA\22-304-X\22-304-2\22-304-2.DRL

Aperture totals for D:\00.CAD\00.PROGETTI\METALTRONICA\22-304-X\22-304-2\22-304-2.DRL:
---------------------------------------------------------
D18:  0.0512 ROUND  --       0 Draws,       5 Flashes
D21:  0.0472 ROUND  --       0 Draws,      64 Flashes
D23:  0.0433 ROUND  --       0 Draws,      40 Flashes
D40:  0.0315 ROUND  --       0 Draws,      10 Flashes
D41:  0.0100 ROUND  --      26 Draws,       0 Flashes
D92:  0.1260 ROUND  --       0 Draws,      10 Flashes
D93:  0.0354 ROUND  --       0 Draws,       8 Flashes
D94:  0.0630 ROUND  --       0 Draws,       6 Flashes
D95:  0.0079 ROUND  --       0 Draws,     155 Flashes
D96:  0.0079 ROUND  --       0 Draws,      96 Flashes
D97:  0.0079 ROUND  --       0 Draws,     278 Flashes
---------------------------------------------------------
 11 D-Codes      -----      26 Draws,     672 Flashes


*********************************************************

Aperture totals for entire project:
---------------------------------------------------------
D10:  0.2362 ROUND  --       0 Draws,      60 Flashes
D11:  0.0394 ROUND  --       0 Draws,       6 Flashes
D12:  0.0380 x 0.0320 RECTANGLE -----     720 Flashes
D13:  0.0197 x 0.0315 RECTANGLE -----      90 Flashes
D14:  0.1000 ROUND  --       0 Draws,      36 Flashes
D15:  0.0709 ROUND  --       0 Draws,      90 Flashes
D16:  0.0709 SQUARE --       0 Draws,       6 Flashes
D17:  0.0620 x 0.0800 OBLONG    -----     174 Flashes
D18:  0.0512 ROUND  --       0 Draws,      25 Flashes
D19:  0.0787 SQUARE --       0 Draws,      36 Flashes
D20:  0.0669 SQUARE --       0 Draws,      24 Flashes
D21:  0.0472 ROUND  --       0 Draws,      72 Flashes
D22:  0.0291 x 0.1610 RECTANGLE -----      78 Flashes
D23:  0.0433 ROUND  --       0 Draws,      56 Flashes
D24:  0.0472 x 0.2165 RECTANGLE -----       9 Flashes
D25:  0.3228 x 0.1575 RECTANGLE -----       6 Flashes
D26:  0.0800 x 0.0620 OBLONG    -----      66 Flashes
D27:  0.0590 SQUARE --       0 Draws,      18 Flashes
D28:  0.0590 ROUND  --       0 Draws,      36 Flashes
D29:  0.0866 ROUND  --       0 Draws,      12 Flashes
D30:  0.0669 ROUND  --       0 Draws,      54 Flashes
D31:  0.0598 x 0.1201 RECTANGLE -----      60 Flashes
D32:  0.0610 ROUND  --       0 Draws,      56 Flashes
D33:  0.0610 SQUARE --       0 Draws,       4 Flashes
D34:  0.0787 ROUND  --       0 Draws,      72 Flashes
D35:  0.0787 x 0.1181 OBLONG    -----      24 Flashes
D36:  0.0710 x 0.0400 RECTANGLE -----     174 Flashes
D37:  0.0354 x 0.0512 RECTANGLE -----     252 Flashes
D38:  0.0800 ROUND  --       0 Draws,      24 Flashes
D39:  0.0799 SQUARE --       0 Draws,       6 Flashes
D40:  0.0315 ROUND  --       0 Draws,     630 Flashes
D41:  0.0100 ROUND  --   72197 Draws,       2 Flashes
D42:  0.0150 ROUND  --     402 Draws,       0 Flashes
D43:  0.0315 ROUND  --       0 Draws,     132 Flashes
D44:  0.0315 ROUND  --       0 Draws,     932 Flashes
D45:  0.0300 ROUND  --      36 Draws,       0 Flashes
D46:  0.0250 ROUND  --     423 Draws,       0 Flashes
D47:  0.0315 ROUND  --       0 Draws,     432 Flashes
D48:  0.0500 ROUND  --     180 Draws,       0 Flashes
D49:  0.0080 ROUND  --     164 Draws,       0 Flashes
D50:  0.0404 x 0.0501 RECTANGLE -----      18 Flashes
D51:  0.1260 x 0.0630 RECTANGLE -----       6 Flashes
D52:  0.0320 x 0.0380 RECTANGLE -----     126 Flashes
D53:  0.0400 x 0.0710 RECTANGLE -----      24 Flashes
D54:  0.0886 x 0.0905 RECTANGLE -----      30 Flashes
D55:  0.1024 x 0.0510 RECTANGLE -----      24 Flashes
D56:  0.0500 x 0.0400 RECTANGLE -----      18 Flashes
D57:  0.0315 x 0.0197 RECTANGLE -----      12 Flashes
D58:  0.0550 x 0.0350 RECTANGLE -----      24 Flashes
D59:  0.0501 x 0.0404 RECTANGLE -----      48 Flashes
D60:  0.1669 x 0.1500 RECTANGLE -----       6 Flashes
D61:  0.0905 x 0.1220 RECTANGLE -----       6 Flashes
D62:  0.0118 x 0.0472 RECTANGLE -----      42 Flashes
D63:  0.1063 x 0.1181 RECTANGLE -----       6 Flashes
D64:  0.0413 x 0.0236 RECTANGLE -----      12 Flashes
D65:  0.0187 ROUND  --       0 Draws,       4 Flashes
D66:  0.0400 x 0.0500 RECTANGLE -----      63 Flashes
D67:  0.0276 x 0.0197 RECTANGLE -----      12 Flashes
D68:  0.0354 x 0.0165 RECTANGLE -----      24 Flashes
D69:  0.0650 x 0.0256 OBLONG    -----      48 Flashes
D70:  0.0315 x 0.0236 RECTANGLE -----      57 Flashes
D71:  0.0512 x 0.0354 RECTANGLE -----      24 Flashes
D72:  0.1181 x 0.1701 RECTANGLE -----       3 Flashes
D73:  0.0649 x 0.0177 RECTANGLE -----      72 Flashes
D74:  0.0600 x 0.1000 RECTANGLE -----       6 Flashes
D75:  0.2760 SQUARE --       0 Draws,       2 Flashes
D76:  0.4252 x 0.3701 RECTANGLE -----       4 Flashes
D77:  0.0531 x 0.1811 RECTANGLE -----       8 Flashes
D78:  0.0236 x 0.0512 RECTANGLE -----      12 Flashes
D79:  0.0700 x 0.0110 OBLONG    -----      84 Flashes
D80:  0.0700 x 0.0110 RECTANGLE -----      12 Flashes
D81:  0.0110 x 0.0700 OBLONG    -----      87 Flashes
D82:  0.0110 x 0.0700 RECTANGLE -----       9 Flashes
D83:  0.0197 x 0.0394 RECTANGLE -----       6 Flashes
D84:  0.0050 ROUND  --    1032 Draws,       0 Flashes
D85:  0.0120 ROUND  --      47 Draws,       0 Flashes
D86:  0.0060 ROUND  --   12740 Draws,       5 Flashes
D87:  0.0492 x 0.1772 RECTANGLE -----       4 Flashes
D88:  0.0039 ROUND  --     816 Draws,       0 Flashes
D89:  0.0079 ROUND  --     137 Draws,       0 Flashes
D90:  0.0059 ROUND  --     158 Draws,       0 Flashes
D91:  0.0078 ROUND  --      13 Draws,       0 Flashes
D92:  0.1260 ROUND  --       0 Draws,      10 Flashes
D93:  0.0354 ROUND  --       0 Draws,       8 Flashes
D94:  0.0630 ROUND  --       0 Draws,       6 Flashes
D95:  0.0079 ROUND  --       0 Draws,     155 Flashes
D96:  0.0079 ROUND  --       0 Draws,      96 Flashes
D97:  0.0079 ROUND  --       0 Draws,     278 Flashes
---------------------------------------------------------
 88 D-Codes      -----   88345 Draws,    5975 Flashes


No warnings or errors.
