Post Processor Report
OrCAD FILE: D:\UTENTI\00.LAVORI IN CORSO\METALTRONICA\22-304-1\22-304-1.MAX
Mon May 06 15:15:52 2024

*********************************************************

Output file: D:\UTENTI\00.LAVORI IN CORSO\METALTRONICA\22-304-1\22-304-1.TOP

Aperture totals for D:\UTENTI\00.LAVORI IN CORSO\METALTRONICA\22-304-1\22-304-1.TOP:
---------------------------------------------------------
D10:  0.1260 ROUND  --       0 Draws,       5 Flashes
D11:  0.0394 ROUND  --       0 Draws,       3 Flashes
D12:  0.0380 x 0.0320 RECTANGLE -----      14 Flashes
D13:  0.1024 x 0.0510 RECTANGLE -----      12 Flashes
D14:  0.0380 x 0.0320 RECTANGLE -----     204 Flashes
D15:  0.0905 x 0.0886 RECTANGLE -----       2 Flashes
D16:  0.0501 x 0.0404 RECTANGLE -----      22 Flashes
D17:  0.0630 x 0.1260 RECTANGLE -----       2 Flashes
D18:  0.0710 x 0.0400 RECTANGLE -----      10 Flashes
D19:  0.0886 x 0.0905 RECTANGLE -----       8 Flashes
D20:  0.0197 x 0.0315 RECTANGLE -----       6 Flashes
D21:  0.0400 x 0.0500 RECTANGLE -----       3 Flashes
D22:  0.0550 x 0.0350 RECTANGLE -----      12 Flashes
D23:  0.1500 x 0.1670 RECTANGLE -----       2 Flashes
D24:  0.1000 ROUND  --       0 Draws,       6 Flashes
D25:  0.0787 ROUND  --       0 Draws,      17 Flashes
D26:  0.0512 ROUND  --       0 Draws,       3 Flashes
D27:  0.0669 SQUARE --       0 Draws,       2 Flashes
D28:  0.0787 SQUARE --       0 Draws,       2 Flashes
D29:  0.0590 ROUND  --       0 Draws,       3 Flashes
D30:  0.0590 SQUARE --       0 Draws,       1 Flashes
D31:  0.0866 ROUND  --       0 Draws,       2 Flashes
D32:  0.0669 ROUND  --       0 Draws,       1 Flashes
D33:  0.0472 x 0.0118 RECTANGLE -----      14 Flashes
D34:  0.1181 x 0.1063 RECTANGLE -----       2 Flashes
D35:  0.0413 x 0.0236 RECTANGLE -----       4 Flashes
D36:  0.0187 ROUND  --       0 Draws,       2 Flashes
D37:  0.0500 x 0.0400 RECTANGLE -----      18 Flashes
D38:  0.0512 x 0.0354 RECTANGLE -----       8 Flashes
D39:  0.0650 x 0.0256 OBLONG    -----       8 Flashes
D40:  0.0256 x 0.0650 OBLONG    -----       8 Flashes
D41:  0.0820 x 0.1500 RECTANGLE -----       6 Flashes
D42:  0.4500 x 0.3500 RECTANGLE -----       3 Flashes
D43:  0.1701 x 0.1181 RECTANGLE -----       1 Flashes
D44:  0.0177 x 0.0649 RECTANGLE -----      24 Flashes
D45:  0.0800 ROUND  --       0 Draws,       3 Flashes
D46:  0.1000 x 0.0600 RECTANGLE -----       2 Flashes
D47:  0.2760 SQUARE --       0 Draws,       1 Flashes
D48:  0.1500 x 0.0820 RECTANGLE -----       2 Flashes
D49:  0.3500 x 0.4500 RECTANGLE -----       1 Flashes
D50:  0.0700 x 0.0110 OBLONG    -----      28 Flashes
D51:  0.0700 x 0.0110 RECTANGLE -----       4 Flashes
D52:  0.0110 x 0.0700 OBLONG    -----      29 Flashes
D53:  0.0110 x 0.0700 RECTANGLE -----       3 Flashes
D54:  0.0250 x 0.0350 RECTANGLE -----       8 Flashes
D55:  0.0350 x 0.0250 RECTANGLE -----      10 Flashes
D56:  0.0197 x 0.0394 RECTANGLE -----       2 Flashes
D57:  0.0276 ROUND  --       0 Draws,     219 Flashes
D58:  0.0250 ROUND  --     148 Draws,       0 Flashes
D59:  0.0050 ROUND  --     126 Draws,       0 Flashes
D60:  0.0100 ROUND  --   10824 Draws,       0 Flashes
D61:  0.0600 ROUND  --      23 Draws,       0 Flashes
D62:  0.0080 ROUND  --     764 Draws,       0 Flashes
D63:  0.0170 ROUND  --      35 Draws,       0 Flashes
D64:  0.0276 ROUND  --       0 Draws,     187 Flashes
D65:  0.0110 ROUND  --      99 Draws,       0 Flashes
D66:  0.0500 ROUND  --      67 Draws,       0 Flashes
D67:  0.0118 ROUND  --      15 Draws,       0 Flashes
D68:  0.0150 ROUND  --      23 Draws,       0 Flashes
D69:  0.0276 ROUND  --       0 Draws,       3 Flashes
D70:  0.0060 ROUND  --      57 Draws,       0 Flashes
---------------------------------------------------------
 61 D-Codes      -----   12181 Draws,     942 Flashes

*********************************************************

Output file: D:\UTENTI\00.LAVORI IN CORSO\METALTRONICA\22-304-1\22-304-1.BOT

Aperture totals for D:\UTENTI\00.LAVORI IN CORSO\METALTRONICA\22-304-1\22-304-1.BOT:
---------------------------------------------------------
D10:  0.1260 ROUND  --       0 Draws,       5 Flashes
D24:  0.1000 ROUND  --       0 Draws,       6 Flashes
D25:  0.0787 ROUND  --       0 Draws,      17 Flashes
D26:  0.0512 ROUND  --       0 Draws,       3 Flashes
D27:  0.0669 SQUARE --       0 Draws,       2 Flashes
D28:  0.0787 SQUARE --       0 Draws,       2 Flashes
D29:  0.0590 ROUND  --       0 Draws,       3 Flashes
D30:  0.0590 SQUARE --       0 Draws,       1 Flashes
D31:  0.0866 ROUND  --       0 Draws,       2 Flashes
D32:  0.0669 ROUND  --       0 Draws,       1 Flashes
D45:  0.0800 ROUND  --       0 Draws,       3 Flashes
D57:  0.0276 ROUND  --       0 Draws,     219 Flashes
D58:  0.0250 ROUND  --      10 Draws,       0 Flashes
D60:  0.0100 ROUND  --    4948 Draws,       0 Flashes
D62:  0.0080 ROUND  --      65 Draws,       0 Flashes
D64:  0.0276 ROUND  --       0 Draws,     176 Flashes
D66:  0.0500 ROUND  --       4 Draws,       0 Flashes
D68:  0.0150 ROUND  --       4 Draws,       0 Flashes
D69:  0.0276 ROUND  --       0 Draws,      12 Flashes
D70:  0.0060 ROUND  --      61 Draws,       0 Flashes
D71:  0.0276 ROUND  --       0 Draws,       2 Flashes
---------------------------------------------------------
 21 D-Codes      -----    5092 Draws,     454 Flashes

*********************************************************

Output file: D:\UTENTI\00.LAVORI IN CORSO\METALTRONICA\22-304-1\22-304-1.GND

Aperture totals for D:\UTENTI\00.LAVORI IN CORSO\METALTRONICA\22-304-1\22-304-1.GND:
---------------------------------------------------------
D25:  0.0787 ROUND  --       0 Draws,       1 Flashes
D60:  0.0100 ROUND  --      20 Draws,       0 Flashes
D66:  0.0500 ROUND  --       6 Draws,       0 Flashes
D72:  0.1575 ROUND  --       0 Draws,       5 Flashes
D73:  0.1181 ROUND  --       0 Draws,       6 Flashes
D74:  0.1027 ROUND  --       0 Draws,      11 Flashes
D75:  0.1027 SQUARE --       0 Draws,       1 Flashes
D76:  0.1212 OD, 0.0972 ID THERMAL --       2 Flashes
D77:  0.0787 ROUND  --       0 Draws,       2 Flashes
D78:  0.1027 SQUARE --       0 Draws,       1 Flashes
D79:  0.1027 ROUND  --       0 Draws,       3 Flashes
D80:  0.0708 ROUND  --       0 Draws,       3 Flashes
D81:  0.0708 SQUARE --       0 Draws,       1 Flashes
D82:  0.1024 ROUND  --       0 Draws,       2 Flashes
D83:  0.0827 SQUARE --       0 Draws,       1 Flashes
D84:  0.0866 ROUND  --       0 Draws,       1 Flashes
D85:  0.1173 OD, 0.0933 ID THERMAL --       1 Flashes
D86:  0.0984 SQUARE --       0 Draws,       1 Flashes
D87:  0.1100 ROUND  --       0 Draws,       1 Flashes
D88:  0.1173 OD, 0.0933 ID THERMAL --       1 Flashes
D89:  0.1100 ROUND  --       0 Draws,       1 Flashes
D90:  0.0050 ROUND  --       0 Draws,     200 Flashes
D91:  0.0394 ROUND  --       0 Draws,      19 Flashes
D92:  0.0394 ROUND  --       0 Draws,      90 Flashes
D93:  0.0050 ROUND  --       0 Draws,       1 Flashes
D94:  0.0394 ROUND  --       0 Draws,      23 Flashes
D95:  0.0050 ROUND  --       0 Draws,      76 Flashes
---------------------------------------------------------
 27 D-Codes      -----      26 Draws,     454 Flashes

*********************************************************

Output file: D:\UTENTI\00.LAVORI IN CORSO\METALTRONICA\22-304-1\22-304-1.IN1

Aperture totals for D:\UTENTI\00.LAVORI IN CORSO\METALTRONICA\22-304-1\22-304-1.IN1:
---------------------------------------------------------
D10:  0.1260 ROUND  --       0 Draws,       5 Flashes
D24:  0.1000 ROUND  --       0 Draws,       6 Flashes
D25:  0.0787 ROUND  --       0 Draws,      17 Flashes
D26:  0.0512 ROUND  --       0 Draws,       3 Flashes
D27:  0.0669 SQUARE --       0 Draws,       2 Flashes
D28:  0.0787 SQUARE --       0 Draws,       2 Flashes
D29:  0.0590 ROUND  --       0 Draws,       3 Flashes
D30:  0.0590 SQUARE --       0 Draws,       1 Flashes
D31:  0.0866 ROUND  --       0 Draws,       2 Flashes
D32:  0.0669 ROUND  --       0 Draws,       1 Flashes
D45:  0.0800 ROUND  --       0 Draws,       3 Flashes
D57:  0.0276 ROUND  --       0 Draws,     219 Flashes
D58:  0.0250 ROUND  --      30 Draws,       0 Flashes
D60:  0.0100 ROUND  --    8774 Draws,       0 Flashes
D62:  0.0080 ROUND  --     154 Draws,       0 Flashes
D63:  0.0170 ROUND  --       8 Draws,       0 Flashes
D64:  0.0276 ROUND  --       0 Draws,     170 Flashes
D69:  0.0276 ROUND  --       0 Draws,      16 Flashes
D71:  0.0276 ROUND  --       0 Draws,       4 Flashes
---------------------------------------------------------
 19 D-Codes      -----    8966 Draws,     454 Flashes

*********************************************************

Output file: D:\UTENTI\00.LAVORI IN CORSO\METALTRONICA\22-304-1\22-304-1.SMT

Aperture totals for D:\UTENTI\00.LAVORI IN CORSO\METALTRONICA\22-304-1\22-304-1.SMT:
---------------------------------------------------------
D12:  0.0380 x 0.0320 RECTANGLE -----      14 Flashes
D13:  0.1024 x 0.0510 RECTANGLE -----      12 Flashes
D14:  0.0380 x 0.0320 RECTANGLE -----     204 Flashes
D15:  0.0905 x 0.0886 RECTANGLE -----       2 Flashes
D16:  0.0501 x 0.0404 RECTANGLE -----      22 Flashes
D17:  0.0630 x 0.1260 RECTANGLE -----       2 Flashes
D18:  0.0710 x 0.0400 RECTANGLE -----      10 Flashes
D19:  0.0886 x 0.0905 RECTANGLE -----       8 Flashes
D20:  0.0197 x 0.0315 RECTANGLE -----       6 Flashes
D21:  0.0400 x 0.0500 RECTANGLE -----       3 Flashes
D22:  0.0550 x 0.0350 RECTANGLE -----      12 Flashes
D23:  0.1500 x 0.1670 RECTANGLE -----       2 Flashes
D24:  0.1000 ROUND  --       0 Draws,       6 Flashes
D25:  0.0787 ROUND  --       0 Draws,      17 Flashes
D27:  0.0669 SQUARE --       0 Draws,       2 Flashes
D28:  0.0787 SQUARE --       0 Draws,       2 Flashes
D29:  0.0590 ROUND  --       0 Draws,       3 Flashes
D30:  0.0590 SQUARE --       0 Draws,       1 Flashes
D31:  0.0866 ROUND  --       0 Draws,       2 Flashes
D32:  0.0669 ROUND  --       0 Draws,       1 Flashes
D33:  0.0472 x 0.0118 RECTANGLE -----      14 Flashes
D34:  0.1181 x 0.1063 RECTANGLE -----       2 Flashes
D35:  0.0413 x 0.0236 RECTANGLE -----       4 Flashes
D37:  0.0500 x 0.0400 RECTANGLE -----      18 Flashes
D38:  0.0512 x 0.0354 RECTANGLE -----       8 Flashes
D39:  0.0650 x 0.0256 OBLONG    -----       8 Flashes
D40:  0.0256 x 0.0650 OBLONG    -----       8 Flashes
D41:  0.0820 x 0.1500 RECTANGLE -----       6 Flashes
D42:  0.4500 x 0.3500 RECTANGLE -----       3 Flashes
D43:  0.1701 x 0.1181 RECTANGLE -----       1 Flashes
D44:  0.0177 x 0.0649 RECTANGLE -----      24 Flashes
D45:  0.0800 ROUND  --       0 Draws,       3 Flashes
D46:  0.1000 x 0.0600 RECTANGLE -----       2 Flashes
D47:  0.2760 SQUARE --       0 Draws,       1 Flashes
D48:  0.1500 x 0.0820 RECTANGLE -----       2 Flashes
D49:  0.3500 x 0.4500 RECTANGLE -----       1 Flashes
D50:  0.0700 x 0.0110 OBLONG    -----      28 Flashes
D51:  0.0700 x 0.0110 RECTANGLE -----       4 Flashes
D52:  0.0110 x 0.0700 OBLONG    -----      29 Flashes
D53:  0.0110 x 0.0700 RECTANGLE -----       3 Flashes
D56:  0.0197 x 0.0394 RECTANGLE -----       2 Flashes
D59:  0.0050 ROUND  --     160 Draws,       0 Flashes
D60:  0.0100 ROUND  --     826 Draws,       0 Flashes
D96:  0.0590 ROUND  --       0 Draws,       3 Flashes
---------------------------------------------------------
 44 D-Codes      -----     986 Draws,     505 Flashes

*********************************************************

Output file: D:\UTENTI\00.LAVORI IN CORSO\METALTRONICA\22-304-1\22-304-1.SMB

Aperture totals for D:\UTENTI\00.LAVORI IN CORSO\METALTRONICA\22-304-1\22-304-1.SMB:
---------------------------------------------------------
D24:  0.1000 ROUND  --       0 Draws,       6 Flashes
D25:  0.0787 ROUND  --       0 Draws,      17 Flashes
D27:  0.0669 SQUARE --       0 Draws,       2 Flashes
D28:  0.0787 SQUARE --       0 Draws,       2 Flashes
D29:  0.0590 ROUND  --       0 Draws,       3 Flashes
D30:  0.0590 SQUARE --       0 Draws,       1 Flashes
D31:  0.0866 ROUND  --       0 Draws,       2 Flashes
D32:  0.0669 ROUND  --       0 Draws,       1 Flashes
D45:  0.0800 ROUND  --       0 Draws,       3 Flashes
D60:  0.0100 ROUND  --     943 Draws,       0 Flashes
---------------------------------------------------------
 10 D-Codes      -----     943 Draws,      37 Flashes

*********************************************************

Output file: D:\UTENTI\00.LAVORI IN CORSO\METALTRONICA\22-304-1\22-304-1.SPT

Aperture totals for D:\UTENTI\00.LAVORI IN CORSO\METALTRONICA\22-304-1\22-304-1.SPT:
---------------------------------------------------------
D12:  0.0380 x 0.0320 RECTANGLE -----      14 Flashes
D13:  0.1024 x 0.0510 RECTANGLE -----      12 Flashes
D14:  0.0380 x 0.0320 RECTANGLE -----     204 Flashes
D15:  0.0905 x 0.0886 RECTANGLE -----       2 Flashes
D16:  0.0501 x 0.0404 RECTANGLE -----      22 Flashes
D17:  0.0630 x 0.1260 RECTANGLE -----       2 Flashes
D18:  0.0710 x 0.0400 RECTANGLE -----      10 Flashes
D19:  0.0886 x 0.0905 RECTANGLE -----       8 Flashes
D20:  0.0197 x 0.0315 RECTANGLE -----       6 Flashes
D21:  0.0400 x 0.0500 RECTANGLE -----       3 Flashes
D22:  0.0550 x 0.0350 RECTANGLE -----      12 Flashes
D23:  0.1500 x 0.1670 RECTANGLE -----       2 Flashes
D33:  0.0472 x 0.0118 RECTANGLE -----      14 Flashes
D34:  0.1181 x 0.1063 RECTANGLE -----       2 Flashes
D35:  0.0413 x 0.0236 RECTANGLE -----       4 Flashes
D37:  0.0500 x 0.0400 RECTANGLE -----      18 Flashes
D38:  0.0512 x 0.0354 RECTANGLE -----       8 Flashes
D39:  0.0650 x 0.0256 OBLONG    -----       8 Flashes
D40:  0.0256 x 0.0650 OBLONG    -----       8 Flashes
D41:  0.0820 x 0.1500 RECTANGLE -----       6 Flashes
D43:  0.1701 x 0.1181 RECTANGLE -----       1 Flashes
D44:  0.0177 x 0.0649 RECTANGLE -----      24 Flashes
D46:  0.1000 x 0.0600 RECTANGLE -----       2 Flashes
D48:  0.1500 x 0.0820 RECTANGLE -----       2 Flashes
D50:  0.0700 x 0.0110 OBLONG    -----      28 Flashes
D51:  0.0700 x 0.0110 RECTANGLE -----       4 Flashes
D52:  0.0110 x 0.0700 OBLONG    -----      29 Flashes
D53:  0.0110 x 0.0700 RECTANGLE -----       3 Flashes
D56:  0.0197 x 0.0394 RECTANGLE -----       2 Flashes
D59:  0.0050 ROUND  --     160 Draws,       0 Flashes
D60:  0.0100 ROUND  --     760 Draws,       0 Flashes
---------------------------------------------------------
 31 D-Codes      -----     920 Draws,     460 Flashes

*********************************************************

Output file: D:\UTENTI\00.LAVORI IN CORSO\METALTRONICA\22-304-1\22-304-1.SST

Aperture totals for D:\UTENTI\00.LAVORI IN CORSO\METALTRONICA\22-304-1\22-304-1.SST:
---------------------------------------------------------
D59:  0.0050 ROUND  --       4 Draws,       0 Flashes
D60:  0.0100 ROUND  --     163 Draws,       0 Flashes
D62:  0.0080 ROUND  --      44 Draws,       0 Flashes
D70:  0.0060 ROUND  --    5251 Draws,       0 Flashes
D97:  0.0079 ROUND  --      44 Draws,       0 Flashes
---------------------------------------------------------
  5 D-Codes      -----    5506 Draws,       0 Flashes

*********************************************************

Output file: D:\UTENTI\00.LAVORI IN CORSO\METALTRONICA\22-304-1\22-304-1.DRD

Aperture totals for D:\UTENTI\00.LAVORI IN CORSO\METALTRONICA\22-304-1\22-304-1.DRD:
---------------------------------------------------------
D60:  0.0100 ROUND  --    4985 Draws,       0 Flashes
D66:  0.0500 ROUND  --       6 Draws,       0 Flashes
---------------------------------------------------------
  2 D-Codes      -----    4991 Draws,       0 Flashes


*********************************************************

Aperture totals for entire project:
---------------------------------------------------------
D10:  0.1260 ROUND  --       0 Draws,      15 Flashes
D11:  0.0394 ROUND  --       0 Draws,       3 Flashes
D12:  0.0380 x 0.0320 RECTANGLE -----      42 Flashes
D13:  0.1024 x 0.0510 RECTANGLE -----      36 Flashes
D14:  0.0380 x 0.0320 RECTANGLE -----     612 Flashes
D15:  0.0905 x 0.0886 RECTANGLE -----       6 Flashes
D16:  0.0501 x 0.0404 RECTANGLE -----      66 Flashes
D17:  0.0630 x 0.1260 RECTANGLE -----       6 Flashes
D18:  0.0710 x 0.0400 RECTANGLE -----      30 Flashes
D19:  0.0886 x 0.0905 RECTANGLE -----      24 Flashes
D20:  0.0197 x 0.0315 RECTANGLE -----      18 Flashes
D21:  0.0400 x 0.0500 RECTANGLE -----       9 Flashes
D22:  0.0550 x 0.0350 RECTANGLE -----      36 Flashes
D23:  0.1500 x 0.1670 RECTANGLE -----       6 Flashes
D24:  0.1000 ROUND  --       0 Draws,      30 Flashes
D25:  0.0787 ROUND  --       0 Draws,      86 Flashes
D26:  0.0512 ROUND  --       0 Draws,       9 Flashes
D27:  0.0669 SQUARE --       0 Draws,      10 Flashes
D28:  0.0787 SQUARE --       0 Draws,      10 Flashes
D29:  0.0590 ROUND  --       0 Draws,      15 Flashes
D30:  0.0590 SQUARE --       0 Draws,       5 Flashes
D31:  0.0866 ROUND  --       0 Draws,      10 Flashes
D32:  0.0669 ROUND  --       0 Draws,       5 Flashes
D33:  0.0472 x 0.0118 RECTANGLE -----      42 Flashes
D34:  0.1181 x 0.1063 RECTANGLE -----       6 Flashes
D35:  0.0413 x 0.0236 RECTANGLE -----      12 Flashes
D36:  0.0187 ROUND  --       0 Draws,       2 Flashes
D37:  0.0500 x 0.0400 RECTANGLE -----      54 Flashes
D38:  0.0512 x 0.0354 RECTANGLE -----      24 Flashes
D39:  0.0650 x 0.0256 OBLONG    -----      24 Flashes
D40:  0.0256 x 0.0650 OBLONG    -----      24 Flashes
D41:  0.0820 x 0.1500 RECTANGLE -----      18 Flashes
D42:  0.4500 x 0.3500 RECTANGLE -----       6 Flashes
D43:  0.1701 x 0.1181 RECTANGLE -----       3 Flashes
D44:  0.0177 x 0.0649 RECTANGLE -----      72 Flashes
D45:  0.0800 ROUND  --       0 Draws,      15 Flashes
D46:  0.1000 x 0.0600 RECTANGLE -----       6 Flashes
D47:  0.2760 SQUARE --       0 Draws,       2 Flashes
D48:  0.1500 x 0.0820 RECTANGLE -----       6 Flashes
D49:  0.3500 x 0.4500 RECTANGLE -----       2 Flashes
D50:  0.0700 x 0.0110 OBLONG    -----      84 Flashes
D51:  0.0700 x 0.0110 RECTANGLE -----      12 Flashes
D52:  0.0110 x 0.0700 OBLONG    -----      87 Flashes
D53:  0.0110 x 0.0700 RECTANGLE -----       9 Flashes
D54:  0.0250 x 0.0350 RECTANGLE -----       8 Flashes
D55:  0.0350 x 0.0250 RECTANGLE -----      10 Flashes
D56:  0.0197 x 0.0394 RECTANGLE -----       6 Flashes
D57:  0.0276 ROUND  --       0 Draws,     657 Flashes
D58:  0.0250 ROUND  --     188 Draws,       0 Flashes
D59:  0.0050 ROUND  --     450 Draws,       0 Flashes
D60:  0.0100 ROUND  --   32243 Draws,       0 Flashes
D61:  0.0600 ROUND  --      23 Draws,       0 Flashes
D62:  0.0080 ROUND  --    1027 Draws,       0 Flashes
D63:  0.0170 ROUND  --      43 Draws,       0 Flashes
D64:  0.0276 ROUND  --       0 Draws,     533 Flashes
D65:  0.0110 ROUND  --      99 Draws,       0 Flashes
D66:  0.0500 ROUND  --      83 Draws,       0 Flashes
D67:  0.0118 ROUND  --      15 Draws,       0 Flashes
D68:  0.0150 ROUND  --      27 Draws,       0 Flashes
D69:  0.0276 ROUND  --       0 Draws,      31 Flashes
D70:  0.0060 ROUND  --    5369 Draws,       0 Flashes
D71:  0.0276 ROUND  --       0 Draws,       6 Flashes
D72:  0.1575 ROUND  --       0 Draws,       5 Flashes
D73:  0.1181 ROUND  --       0 Draws,       6 Flashes
D74:  0.1027 ROUND  --       0 Draws,      11 Flashes
D75:  0.1027 SQUARE --       0 Draws,       1 Flashes
D76:  0.1212 OD, 0.0972 ID THERMAL --       2 Flashes
D77:  0.0787 ROUND  --       0 Draws,       2 Flashes
D78:  0.1027 SQUARE --       0 Draws,       1 Flashes
D79:  0.1027 ROUND  --       0 Draws,       3 Flashes
D80:  0.0708 ROUND  --       0 Draws,       3 Flashes
D81:  0.0708 SQUARE --       0 Draws,       1 Flashes
D82:  0.1024 ROUND  --       0 Draws,       2 Flashes
D83:  0.0827 SQUARE --       0 Draws,       1 Flashes
D84:  0.0866 ROUND  --       0 Draws,       1 Flashes
D85:  0.1173 OD, 0.0933 ID THERMAL --       1 Flashes
D86:  0.0984 SQUARE --       0 Draws,       1 Flashes
D87:  0.1100 ROUND  --       0 Draws,       1 Flashes
D88:  0.1173 OD, 0.0933 ID THERMAL --       1 Flashes
D89:  0.1100 ROUND  --       0 Draws,       1 Flashes
D90:  0.0050 ROUND  --       0 Draws,     200 Flashes
D91:  0.0394 ROUND  --       0 Draws,      19 Flashes
D92:  0.0394 ROUND  --       0 Draws,      90 Flashes
D93:  0.0050 ROUND  --       0 Draws,       1 Flashes
D94:  0.0394 ROUND  --       0 Draws,      23 Flashes
D95:  0.0050 ROUND  --       0 Draws,      76 Flashes
D96:  0.0590 ROUND  --       0 Draws,       3 Flashes
D97:  0.0079 ROUND  --      44 Draws,       0 Flashes
---------------------------------------------------------
 88 D-Codes      -----   39611 Draws,    3306 Flashes


No warnings or errors.
